# JRE version: 7.0_21-b11
# Java VM: Java HotSpot(TM) Client VM (23.21-b01 mixed mode, sharing windows-x86 )
Heap
 def new generation   total 13504K, used 13504K [0x23dd0000, 0x24c70000, 0x29320000)
  eden space 12032K, 100% used [0x23dd0000, 0x24990000, 0x24990000)
  from space 1472K, 100% used [0x24b00000, 0x24c70000, 0x24c70000)
  to   space 1472K,   0% used [0x24990000, 0x24990000, 0x24b00000)
 tenured generation   total 38652K, used 38649K [0x29320000, 0x2b8df000, 0x33dd0000)
   the space 38652K,  99% used [0x29320000, 0x2b8de450, 0x2b8de600, 0x2b8df000)
 compacting perm gen  total 12288K, used 1043K [0x33dd0000, 0x349d0000, 0x37dd0000)
   the space 12288K,   8% used [0x33dd0000, 0x33ed4e38, 0x33ed5000, 0x349d0000)
    ro space 10240K,  42% used [0x37dd0000, 0x382122a0, 0x38212400, 0x387d0000)
    rw space 12288K,  54% used [0x387d0000, 0x38e53250, 0x38e53400, 0x393d0000)
GC Heap History (10 events):
Event: 3.697 GC heap after
Heap after GC invocations=5 (full 0):
 def new generation   total 4928K, used 512K [0x23dd0000, 0x24320000, 0x29320000)
  eden space 4416K,   0% used [0x23dd0000, 0x23dd0000, 0x24220000)
  from space 512K, 100% used [0x242a0000, 0x24320000, 0x24320000)
  to   space 512K,   0% used [0x24220000, 0x24220000, 0x242a0000)
 tenured generation   total 10944K, used 8742K [0x29320000, 0x29dd0000, 0x33dd0000)
   the space 10944K,  79% used [0x29320000, 0x29ba99b0, 0x29ba9a00, 0x29dd0000)
 compacting perm gen  total 12288K, used 851K [0x33dd0000, 0x349d0000, 0x37dd0000)
   the space 12288K,   6% used [0x33dd0000, 0x33ea4da8, 0x33ea4e00, 0x349d0000)
    ro space 10240K,  42% used [0x37dd0000, 0x382122a0, 0x38212400, 0x387d0000)
    rw space 12288K,  54% used [0x387d0000, 0x38e53250, 0x38e53400, 0x393d0000)
}
Event: 3.825 GC heap before
{Heap before GC invocations=5 (full 0):
 def new generation   total 4928K, used 4928K [0x23dd0000, 0x24320000, 0x29320000)
  eden space 4416K, 100% used [0x23dd0000, 0x24220000, 0x24220000)
  from space 512K, 100% used [0x242a0000, 0x24320000, 0x24320000)
  to   space 512K,   0% used [0x24220000, 0x24220000, 0x242a0000)
 tenured generation   total 10944K, used 8742K [0x29320000, 0x29dd0000, 0x33dd0000)
   the space 10944K,  79% used [0x29320000, 0x29ba99b0, 0x29ba9a00, 0x29dd0000)
 compacting perm gen  total 12288K, used 994K [0x33dd0000, 0x349d0000, 0x37dd0000)
   the space 12288K,   8% used [0x33dd0000, 0x33ec8998, 0x33ec8a00, 0x349d0000)
    ro space 10240K,  42% used [0x37dd0000, 0x382122a0, 0x38212400, 0x387d0000)
    rw space 12288K,  54% used [0x387d0000, 0x38e53250, 0x38e53400, 0x393d0000)
Event: 3.835 GC heap after
Heap after GC invocations=6 (full 0):
 def new generation   total 4928K, used 512K [0x23dd0000, 0x24320000, 0x29320000)
  eden space 4416K,   0% used [0x23dd0000, 0x23dd0000, 0x24220000)
  from space 512K, 100% used [0x24220000, 0x242a0000, 0x242a0000)
  to   space 512K,   0% used [0x242a0000, 0x242a0000, 0x24320000)
 tenured generation   total 10944K, used 10497K [0x29320000, 0x29dd0000, 0x33dd0000)
   the space 10944K,  95% used [0x29320000, 0x29d60710, 0x29d60800, 0x29dd0000)
 compacting perm gen  total 12288K, used 994K [0x33dd0000, 0x349d0000, 0x37dd0000)
   the space 12288K,   8% used [0x33dd0000, 0x33ec8998, 0x33ec8a00, 0x349d0000)
    ro space 10240K,  42% used [0x37dd0000, 0x382122a0, 0x38212400, 0x387d0000)
    rw space 12288K,  54% used [0x387d0000, 0x38e53250, 0x38e53400, 0x393d0000)
}
Event: 3.912 GC heap before
{Heap before GC invocations=6 (full 0):
 def new generation   total 4928K, used 4928K [0x23dd0000, 0x24320000, 0x29320000)
  eden space 4416K, 100% used [0x23dd0000, 0x24220000, 0x24220000)
  from space 512K, 100% used [0x24220000, 0x242a0000, 0x242a0000)
  to   space 512K,   0% used [0x242a0000, 0x242a0000, 0x24320000)
 tenured generation   total 10944K, used 10497K [0x29320000, 0x29dd0000, 0x33dd0000)
   the space 10944K,  95% used [0x29320000, 0x29d60710, 0x29d60800, 0x29dd0000)
 compacting perm gen  total 12288K, used 1043K [0x33dd0000, 0x349d0000, 0x37dd0000)
   the space 12288K,   8% used [0x33dd0000, 0x33ed4e18, 0x33ed5000, 0x349d0000)
    ro space 10240K,  42% used [0x37dd0000, 0x382122a0, 0x38212400, 0x387d0000)
    rw space 12288K,  54% used [0x387d0000, 0x38e53250, 0x38e53400, 0x393d0000)
Event: 3.965 GC heap after
Heap after GC invocations=7 (full 1):
 def new generation   total 10752K, used 461K [0x23dd0000, 0x24970000, 0x29320000)
  eden space 9600K,   4% used [0x23dd0000, 0x23e43510, 0x24730000)
  from space 1152K,   0% used [0x24730000, 0x24730000, 0x24850000)
  to   space 1152K,   0% used [0x24850000, 0x24850000, 0x24970000)
 tenured generation   total 23784K, used 14269K [0x29320000, 0x2aa5a000, 0x33dd0000)
   the space 23784K,  59% used [0x29320000, 0x2a10f480, 0x2a10f600, 0x2aa5a000)
 compacting perm gen  total 12288K, used 1043K [0x33dd0000, 0x349d0000, 0x37dd0000)
   the space 12288K,   8% used [0x33dd0000, 0x33ed4e18, 0x33ed5000, 0x349d0000)
    ro space 10240K,  42% used [0x37dd0000, 0x382122a0, 0x38212400, 0x387d0000)
    rw space 12288K,  54% used [0x387d0000, 0x38e53250, 0x38e53400, 0x393d0000)
}
Event: 4.069 GC heap before
{Heap before GC invocations=7 (full 1):
 def new generation   total 10752K, used 9600K [0x23dd0000, 0x24970000, 0x29320000)
  eden space 9600K, 100% used [0x23dd0000, 0x24730000, 0x24730000)
  from space 1152K,   0% used [0x24730000, 0x24730000, 0x24850000)
  to   space 1152K,   0% used [0x24850000, 0x24850000, 0x24970000)
 tenured generation   total 23784K, used 14269K [0x29320000, 0x2aa5a000, 0x33dd0000)
   the space 23784K,  59% used [0x29320000, 0x2a10f480, 0x2a10f600, 0x2aa5a000)
 compacting perm gen  total 12288K, used 1043K [0x33dd0000, 0x349d0000, 0x37dd0000)
   the space 12288K,   8% used [0x33dd0000, 0x33ed4e28, 0x33ed5000, 0x349d0000)
    ro space 10240K,  42% used [0x37dd0000, 0x382122a0, 0x38212400, 0x387d0000)
    rw space 12288K,  54% used [0x387d0000, 0x38e53250, 0x38e53400, 0x393d0000)
Event: 4.100 GC heap after
Heap after GC invocations=8 (full 1):
 def new generation   total 10752K, used 1152K [0x23dd0000, 0x24970000, 0x29320000)
  eden space 9600K,   0% used [0x23dd0000, 0x23dd0000, 0x24730000)
  from space 1152K, 100% used [0x24850000, 0x24970000, 0x24970000)
  to   space 1152K,   0% used [0x24730000, 0x24730000, 0x24850000)
 tenured generation   total 23784K, used 21396K [0x29320000, 0x2aa5a000, 0x33dd0000)
   the space 23784K,  89% used [0x29320000, 0x2a8051c8, 0x2a805200, 0x2aa5a000)
 compacting perm gen  total 12288K, used 1043K [0x33dd0000, 0x349d0000, 0x37dd0000)
   the space 12288K,   8% used [0x33dd0000, 0x33ed4e28, 0x33ed5000, 0x349d0000)
    ro space 10240K,  42% used [0x37dd0000, 0x382122a0, 0x38212400, 0x387d0000)
    rw space 12288K,  54% used [0x387d0000, 0x38e53250, 0x38e53400, 0x393d0000)
}
Event: 4.203 GC heap before
{Heap before GC invocations=8 (full 1):
 def new generation   total 10752K, used 10752K [0x23dd0000, 0x24970000, 0x29320000)
  eden space 9600K, 100% used [0x23dd0000, 0x24730000, 0x24730000)
  from space 1152K, 100% used [0x24850000, 0x24970000, 0x24970000)
  to   space 1152K,   0% used [0x24730000, 0x24730000, 0x24850000)
 tenured generation   total 23784K, used 21396K [0x29320000, 0x2aa5a000, 0x33dd0000)
   the space 23784K,  89% used [0x29320000, 0x2a8051c8, 0x2a805200, 0x2aa5a000)
 compacting perm gen  total 12288K, used 1043K [0x33dd0000, 0x349d0000, 0x37dd0000)
   the space 12288K,   8% used [0x33dd0000, 0x33ed4e38, 0x33ed5000, 0x349d0000)
    ro space 10240K,  42% used [0x37dd0000, 0x382122a0, 0x38212400, 0x387d0000)
    rw space 12288K,  54% used [0x387d0000, 0x38e53250, 0x38e53400, 0x393d0000)
Event: 4.321 GC heap after
Heap after GC invocations=9 (full 2):
 def new generation   total 13504K, used 605K [0x23dd0000, 0x24c70000, 0x29320000)
  eden space 12032K,   5% used [0x23dd0000, 0x23e67728, 0x24990000)
  from space 1472K,   0% used [0x24990000, 0x24990000, 0x24b00000)
  to   space 1472K,   0% used [0x24b00000, 0x24b00000, 0x24c70000)
 tenured generation   total 29928K, used 29866K [0x29320000, 0x2b05a000, 0x33dd0000)
   the space 29928K,  99% used [0x29320000, 0x2b04a868, 0x2b04aa00, 0x2b05a000)
 compacting perm gen  total 12288K, used 1043K [0x33dd0000, 0x349d0000, 0x37dd0000)
   the space 12288K,   8% used [0x33dd0000, 0x33ed4e38, 0x33ed5000, 0x349d0000)
    ro space 10240K,  42% used [0x37dd0000, 0x382122a0, 0x38212400, 0x387d0000)
    rw space 12288K,  54% used [0x387d0000, 0x38e53250, 0x38e53400, 0x393d0000)
}
Event: 4.506 GC heap before
{Heap before GC invocations=9 (full 2):
 def new generation   total 13504K, used 12032K [0x23dd0000, 0x24c70000, 0x29320000)
  eden space 12032K, 100% used [0x23dd0000, 0x24990000, 0x24990000)
  from space 1472K,   0% used [0x24990000, 0x24990000, 0x24b00000)
  to   space 1472K,   0% used [0x24b00000, 0x24b00000, 0x24c70000)
 tenured generation   total 29928K, used 29866K [0x29320000, 0x2b05a000, 0x33dd0000)
   the space 29928K,  99% used [0x29320000, 0x2b04a868, 0x2b04aa00, 0x2b05a000)
 compacting perm gen  total 12288K, used 1043K [0x33dd0000, 0x349d0000, 0x37dd0000)
   the space 12288K,   8% used [0x33dd0000, 0x33ed4e38, 0x33ed5000, 0x349d0000)
    ro space 10240K,  42% used [0x37dd0000, 0x382122a0, 0x38212400, 0x387d0000)
    rw space 12288K,  54% used [0x387d0000, 0x38e53250, 0x38e53400, 0x393d0000)

